<?xml version="1.0" encoding="UTF-8"?>
<!-- Generated by org.testng.reporters.JUnitXMLReporter -->
<testsuite ignored="0" hostname="inlen8520085956" failures="1" tests="2" name="Test" time="19.227" errors="0" timestamp="2022-12-30T16:30:58 IST">
  <testcase classname="runner.Runner" name="runCukes" time="17.417"/>
  <testcase classname="runner.MyTodoRunner" name="runCukes" time="19.149">
    <failure type="cucumber.runtime.CucumberException" message="java.lang.NullPointerException">
      <![CDATA[cucumber.runtime.CucumberException: java.lang.NullPointerException
at cucumber.api.testng.TestNGCucumberRunner.runCukes(TestNGCucumberRunner.java:57)
at runner.MyTodoRunner.runCukes(MyTodoRunner.java:18)
at java.base/java.util.concurrent.ThreadPoolExecutor.runWorker(ThreadPoolExecutor.java:1128)
at java.base/java.util.concurrent.ThreadPoolExecutor$Worker.run(ThreadPoolExecutor.java:628)
at java.base/java.lang.Thread.run(Thread.java:834)
Caused by: java.lang.NullPointerException
at steps.MyTodoSteps.i_click_on_MyTodos(MyTodoSteps.java:39)
at ✽.Given I click on MyTodos(src/test/java/features/myTodo.feature:14)
... Removed 12 stack frames]]>
    </failure>
  </testcase> <!-- runCukes -->
</testsuite> <!-- Test -->
